24/04/23 21:35:50 WARN Utils: Your hostname, 4d757365s-MacBook-Pro.local resolves to a loopback address: 127.0.0.1; using 192.168.2.1 instead (on interface bridge0)
24/04/23 21:35:50 WARN Utils: Set SPARK_LOCAL_IP if you need to bind to another address
24/04/23 21:35:51 INFO SparkContext: Running Spark version 3.5.1
24/04/23 21:35:51 INFO SparkContext: OS info Mac OS X, 14.3.1, aarch64
24/04/23 21:35:51 INFO SparkContext: Java version 1.8.0_401
24/04/23 21:35:51 WARN NativeCodeLoader: Unable to load native-hadoop library for your platform... using builtin-java classes where applicable
24/04/23 21:35:51 INFO ResourceUtils: ==============================================================
24/04/23 21:35:51 INFO ResourceUtils: No custom resources configured for spark.driver.
24/04/23 21:35:51 INFO ResourceUtils: ==============================================================
24/04/23 21:35:51 INFO SparkContext: Submitted application: Spark Count
24/04/23 21:35:51 INFO ResourceProfile: Default ResourceProfile created, executor resources: Map(cores -> name: cores, amount: 1, script: , vendor: , memory -> name: memory, amount: 1024, script: , vendor: , offHeap -> name: offHeap, amount: 0, script: , vendor: ), task resources: Map(cpus -> name: cpus, amount: 1.0)
24/04/23 21:35:51 INFO ResourceProfile: Limiting resource is cpu
24/04/23 21:35:51 INFO ResourceProfileManager: Added ResourceProfile id: 0
24/04/23 21:35:51 INFO SecurityManager: Changing view acls to: root
24/04/23 21:35:51 INFO SecurityManager: Changing modify acls to: root
24/04/23 21:35:51 INFO SecurityManager: Changing view acls groups to:
24/04/23 21:35:51 INFO SecurityManager: Changing modify acls groups to:
24/04/23 21:35:51 INFO SecurityManager: SecurityManager: authentication disabled; ui acls disabled; users with view permissions: root; groups with view permissions: EMPTY; users with modify permissions: root; groups with modify permissions: EMPTY
24/04/23 21:35:51 INFO Utils: Successfully started service 'sparkDriver' on port 62716.
24/04/23 21:35:51 INFO SparkEnv: Registering MapOutputTracker
24/04/23 21:35:51 INFO SparkEnv: Registering BlockManagerMaster
24/04/23 21:35:51 INFO BlockManagerMasterEndpoint: Using org.apache.spark.storage.DefaultTopologyMapper for getting topology information
24/04/23 21:35:51 INFO BlockManagerMasterEndpoint: BlockManagerMasterEndpoint up
24/04/23 21:35:51 INFO SparkEnv: Registering BlockManagerMasterHeartbeat
24/04/23 21:35:51 INFO DiskBlockManager: Created local directory at /private/var/folders/zz/zyxvpxvq6csfxvn_n0000000000000/T/blockmgr-5a2cb295-6ce1-4d3e-af32-67e98faf7009
24/04/23 21:35:51 INFO MemoryStore: MemoryStore started with capacity 366.3 MiB
24/04/23 21:35:51 INFO SparkEnv: Registering OutputCommitCoordinator
24/04/23 21:35:51 INFO JettyUtils: Start Jetty 0.0.0.0:4040 for SparkUI
24/04/23 21:35:51 INFO Utils: Successfully started service 'SparkUI' on port 4040.
24/04/23 21:35:51 INFO Executor: Starting executor ID driver on host 192.168.2.1
24/04/23 21:35:51 INFO Executor: OS info Mac OS X, 14.3.1, aarch64
24/04/23 21:35:51 INFO Executor: Java version 1.8.0_401
24/04/23 21:35:51 INFO Executor: Starting executor with user classpath (userClassPathFirst = false): ''
24/04/23 21:35:51 INFO Executor: Created or updated repl class loader org.apache.spark.util.MutableURLClassLoader@32d934ef for default.
24/04/23 21:35:51 INFO Utils: Successfully started service 'org.apache.spark.network.netty.NettyBlockTransferService' on port 62717.
24/04/23 21:35:51 INFO NettyBlockTransferService: Server created on 192.168.2.1:62717
24/04/23 21:35:51 INFO BlockManager: Using org.apache.spark.storage.RandomBlockReplicationPolicy for block replication policy
24/04/23 21:35:51 INFO BlockManagerMaster: Registering BlockManager BlockManagerId(driver, 192.168.2.1, 62717, None)
24/04/23 21:35:51 INFO BlockManagerMasterEndpoint: Registering block manager 192.168.2.1:62717 with 366.3 MiB RAM, BlockManagerId(driver, 192.168.2.1, 62717, None)
24/04/23 21:35:51 INFO BlockManagerMaster: Registered BlockManager BlockManagerId(driver, 192.168.2.1, 62717, None)
24/04/23 21:35:51 INFO BlockManager: Initialized BlockManager: BlockManagerId(driver, 192.168.2.1, 62717, None)
24/04/23 21:35:51 INFO MemoryStore: Block broadcast_0 stored as values in memory (estimated size 358.0 KiB, free 366.0 MiB)
24/04/23 21:35:51 INFO MemoryStore: Block broadcast_0_piece0 stored as bytes in memory (estimated size 32.5 KiB, free 365.9 MiB)
24/04/23 21:35:51 INFO BlockManagerInfo: Added broadcast_0_piece0 in memory on 192.168.2.1:62717 (size: 32.5 KiB, free: 366.3 MiB)
24/04/23 21:35:51 INFO SparkContext: Created broadcast 0 from textFile at NativeMethodAccessorImpl.java:0
24/04/23 21:35:51 INFO FileInputFormat: Total input files to process : 1
24/04/23 21:35:52 INFO deprecation: mapred.output.dir is deprecated. Instead, use mapreduce.output.fileoutputformat.outputdir
24/04/23 21:35:52 INFO HadoopMapRedCommitProtocol: Using output committer class org.apache.hadoop.mapred.FileOutputCommitter
24/04/23 21:35:52 INFO FileOutputCommitter: File Output Committer Algorithm version is 1
24/04/23 21:35:52 INFO FileOutputCommitter: FileOutputCommitter skip cleanup _temporary folders under output directory:false, ignore cleanup failures: false
24/04/23 21:35:52 INFO SparkContext: Starting job: runJob at SparkHadoopWriter.scala:83
24/04/23 21:35:52 INFO DAGScheduler: Registering RDD 3 (reduceByKey at /Users/4d757365/Documents/bigdata/sparktest/PySparkRDDClusterWordCount.py:10) as input to shuffle 0
24/04/23 21:35:52 INFO DAGScheduler: Got job 0 (runJob at SparkHadoopWriter.scala:83) with 1 output partitions
24/04/23 21:35:52 INFO DAGScheduler: Final stage: ResultStage 1 (runJob at SparkHadoopWriter.scala:83)
24/04/23 21:35:52 INFO DAGScheduler: Parents of final stage: List(ShuffleMapStage 0)
24/04/23 21:35:52 INFO DAGScheduler: Missing parents: List(ShuffleMapStage 0)
24/04/23 21:35:52 INFO DAGScheduler: Submitting ShuffleMapStage 0 (PairwiseRDD[3] at reduceByKey at /Users/4d757365/Documents/bigdata/sparktest/PySparkRDDClusterWordCount.py:10), which has no missing parents
24/04/23 21:35:52 INFO MemoryStore: Block broadcast_1 stored as values in memory (estimated size 14.3 KiB, free 365.9 MiB)
24/04/23 21:35:52 INFO MemoryStore: Block broadcast_1_piece0 stored as bytes in memory (estimated size 8.6 KiB, free 365.9 MiB)
24/04/23 21:35:52 INFO BlockManagerInfo: Added broadcast_1_piece0 in memory on 192.168.2.1:62717 (size: 8.6 KiB, free: 366.3 MiB)
24/04/23 21:35:52 INFO SparkContext: Created broadcast 1 from broadcast at DAGScheduler.scala:1585
24/04/23 21:35:52 INFO DAGScheduler: Submitting 1 missing tasks from ShuffleMapStage 0 (PairwiseRDD[3] at reduceByKey at /Users/4d757365/Documents/bigdata/sparktest/PySparkRDDClusterWordCount.py:10) (first 15 tasks are for partitions Vector(0))
24/04/23 21:35:52 INFO TaskSchedulerImpl: Adding task set 0.0 with 1 tasks resource profile 0
24/04/23 21:35:52 INFO TaskSetManager: Starting task 0.0 in stage 0.0 (TID 0) (192.168.2.1, executor driver, partition 0, PROCESS_LOCAL, 7694 bytes)
24/04/23 21:35:52 INFO Executor: Running task 0.0 in stage 0.0 (TID 0)
24/04/23 21:35:52 INFO HadoopRDD: Input split: file:/Users/4d757365/Documents/bigdata/sparktest/inputfolder/inputdata.txt:0+57
24/04/23 21:35:52 INFO PythonRunner: Times: total = 325, boot = 282, init = 42, finish = 1
24/04/23 21:35:52 INFO Executor: Finished task 0.0 in stage 0.0 (TID 0). 1579 bytes result sent to driver
24/04/23 21:35:52 INFO TaskSetManager: Finished task 0.0 in stage 0.0 (TID 0) in 567 ms on 192.168.2.1 (executor driver) (1/1)
24/04/23 21:35:52 INFO TaskSchedulerImpl: Removed TaskSet 0.0, whose tasks have all completed, from pool
24/04/23 21:35:52 INFO PythonAccumulatorV2: Connected to AccumulatorServer at host: 127.0.0.1 port: 62718
24/04/23 21:35:52 INFO DAGScheduler: ShuffleMapStage 0 (reduceByKey at /Users/4d757365/Documents/bigdata/sparktest/PySparkRDDClusterWordCount.py:10) finished in 0.660 s
24/04/23 21:35:52 INFO DAGScheduler: looking for newly runnable stages
24/04/23 21:35:52 INFO DAGScheduler: running: Set()
24/04/23 21:35:52 INFO DAGScheduler: waiting: Set(ResultStage 1)
24/04/23 21:35:52 INFO DAGScheduler: failed: Set()
24/04/23 21:35:52 INFO DAGScheduler: Submitting ResultStage 1 (MapPartitionsRDD[8] at saveAsTextFile at NativeMethodAccessorImpl.java:0), which has no missing parents
24/04/23 21:35:52 INFO MemoryStore: Block broadcast_2 stored as values in memory (estimated size 109.4 KiB, free 365.8 MiB)
24/04/23 21:35:52 INFO MemoryStore: Block broadcast_2_piece0 stored as bytes in memory (estimated size 41.7 KiB, free 365.7 MiB)
24/04/23 21:35:52 INFO BlockManagerInfo: Added broadcast_2_piece0 in memory on 192.168.2.1:62717 (size: 41.7 KiB, free: 366.2 MiB)
24/04/23 21:35:52 INFO SparkContext: Created broadcast 2 from broadcast at DAGScheduler.scala:1585
24/04/23 21:35:52 INFO DAGScheduler: Submitting 1 missing tasks from ResultStage 1 (MapPartitionsRDD[8] at saveAsTextFile at NativeMethodAccessorImpl.java:0) (first 15 tasks are for partitions Vector(0))
24/04/23 21:35:52 INFO TaskSchedulerImpl: Adding task set 1.0 with 1 tasks resource profile 0
24/04/23 21:35:52 INFO TaskSetManager: Starting task 0.0 in stage 1.0 (TID 1) (192.168.2.1, executor driver, partition 0, NODE_LOCAL, 7433 bytes)
24/04/23 21:35:52 INFO Executor: Running task 0.0 in stage 1.0 (TID 1)
24/04/23 21:35:52 INFO ShuffleBlockFetcherIterator: Getting 1 (117.0 B) non-empty blocks including 1 (117.0 B) local and 0 (0.0 B) host-local and 0 (0.0 B) push-merged-local and 0 (0.0 B) remote blocks
24/04/23 21:35:52 INFO ShuffleBlockFetcherIterator: Started 0 remote fetches in 4 ms
24/04/23 21:35:52 INFO HadoopMapRedCommitProtocol: Using output committer class org.apache.hadoop.mapred.FileOutputCommitter
24/04/23 21:35:52 INFO FileOutputCommitter: File Output Committer Algorithm version is 1
24/04/23 21:35:52 INFO FileOutputCommitter: FileOutputCommitter skip cleanup _temporary folders under output directory:false, ignore cleanup failures: false
24/04/23 21:35:52 INFO PythonRunner: Times: total = 35, boot = -171, init = 206, finish = 0
24/04/23 21:35:52 INFO FileOutputCommitter: Saved output of task 'attempt_202404232135524394146905112181557_0008_m_000000_0' to file:/Users/4d757365/Documents/bigdata/sparktest/outputfolder7/_temporary/0/task_202404232135524394146905112181557_0008_m_000000
24/04/23 21:35:52 INFO SparkHadoopMapRedUtil: attempt_202404232135524394146905112181557_0008_m_000000_0: Committed. Elapsed time: 0 ms.
24/04/23 21:35:52 INFO Executor: Finished task 0.0 in stage 1.0 (TID 1). 2351 bytes result sent to driver
24/04/23 21:35:52 INFO TaskSetManager: Finished task 0.0 in stage 1.0 (TID 1) in 76 ms on 192.168.2.1 (executor driver) (1/1)
24/04/23 21:35:52 INFO TaskSchedulerImpl: Removed TaskSet 1.0, whose tasks have all completed, from pool
24/04/23 21:35:52 INFO DAGScheduler: ResultStage 1 (runJob at SparkHadoopWriter.scala:83) finished in 0.099 s
24/04/23 21:35:52 INFO DAGScheduler: Job 0 is finished. Cancelling potential speculative or zombie tasks for this job
24/04/23 21:35:52 INFO TaskSchedulerImpl: Killing all running tasks in stage 1: Stage finished
24/04/23 21:35:52 INFO DAGScheduler: Job 0 finished: runJob at SparkHadoopWriter.scala:83, took 0.787347 s
24/04/23 21:35:52 INFO SparkHadoopWriter: Start to commit write Job job_202404232135524394146905112181557_0008.
24/04/23 21:35:52 INFO SparkHadoopWriter: Write Job job_202404232135524394146905112181557_0008 committed. Elapsed time: 7 ms.
24/04/23 21:35:52 INFO SparkContext: Invoking stop() from shutdown hook
24/04/23 21:35:52 INFO SparkContext: SparkContext is stopping with exitCode 0.
24/04/23 21:35:52 INFO SparkUI: Stopped Spark web UI at http://192.168.2.1:4040
24/04/23 21:35:52 INFO MapOutputTrackerMasterEndpoint: MapOutputTrackerMasterEndpoint stopped!
24/04/23 21:35:52 INFO MemoryStore: MemoryStore cleared
24/04/23 21:35:52 INFO BlockManager: BlockManager stopped
24/04/23 21:35:52 INFO BlockManagerMaster: BlockManagerMaster stopped
24/04/23 21:35:52 INFO OutputCommitCoordinator$OutputCommitCoordinatorEndpoint: OutputCommitCoordinator stopped!
24/04/23 21:35:52 INFO SparkContext: Successfully stopped SparkContext
24/04/23 21:35:52 INFO ShutdownHookManager: Shutdown hook called
24/04/23 21:35:52 INFO ShutdownHookManager: Deleting directory /private/var/folders/zz/zyxvpxvq6csfxvn_n0000000000000/T/spark-47242cd0-0aec-466a-ae87-9ca33d1316f0
24/04/23 21:35:52 INFO ShutdownHookManager: Deleting directory /private/var/folders/zz/zyxvpxvq6csfxvn_n0000000000000/T/spark-f55bed07-6179-4f1c-9f3f-6bfcc6992215/pyspark-8d456c39-b834-4ce3-93d0-b5b8ff56ccee
24/04/23 21:35:52 INFO ShutdownHookManager: Deleting directory /private/var/folders/zz/zyxvpxvq6csfxvn_n0000000000000/T/spark-f55bed07-6179-4f1c-9f3f-6bfcc6992215
